c:\users\ricsi\documents\github\tdk-project\glut\debug\vc140.pdb
c:\users\ricsi\documents\github\tdk-project\glut\debug\vc140.idb
c:\users\ricsi\documents\github\tdk-project\glut\debug\main.obj
c:\users\ricsi\documents\github\tdk-project\glut\debug\classes.obj
c:\users\ricsi\documents\github\tdk-project\glut\debug\display.obj
c:\users\ricsi\documents\github\tdk-project\glut\debug\draw.obj
c:\users\ricsi\documents\github\tdk-project\glut\debug\error.obj
c:\users\ricsi\documents\github\tdk-project\glut\debug\globals.obj
c:\users\ricsi\documents\github\tdk-project\glut\debug\glwindowpos.obj
c:\users\ricsi\documents\github\tdk-project\glut\debug\initialization.obj
c:\users\ricsi\documents\github\tdk-project\glut\debug\interaction.obj
c:\users\ricsi\documents\github\tdk-project\glut\debug\print.obj
c:\users\ricsi\documents\github\tdk-project\glut\debug\shapes.obj
c:\users\ricsi\documents\github\tdk-project\glut\debug\textures.obj
c:\users\ricsi\documents\github\tdk-project\debug\glut.ilk
c:\users\ricsi\documents\github\tdk-project\debug\glut.exe
c:\users\ricsi\documents\github\tdk-project\debug\glut.pdb
c:\users\ricsi\documents\github\tdk-project\glut\debug\glut.tlog\cl.command.1.tlog
c:\users\ricsi\documents\github\tdk-project\glut\debug\glut.tlog\cl.read.1.tlog
c:\users\ricsi\documents\github\tdk-project\glut\debug\glut.tlog\cl.write.1.tlog
c:\users\ricsi\documents\github\tdk-project\glut\debug\glut.tlog\link.command.1.tlog
c:\users\ricsi\documents\github\tdk-project\glut\debug\glut.tlog\link.read.1.tlog
c:\users\ricsi\documents\github\tdk-project\glut\debug\glut.tlog\link.write.1.tlog
