  textures.cpp
  shapes.cpp
c:\users\ricsi\documents\github\tdk-project\glut\shapes.cpp(22): warning C4838: conversion from 'double' to 'GLfloat' requires a narrowing conversion
c:\users\ricsi\documents\github\tdk-project\glut\shapes.cpp(22): warning C4244: 'initializing': conversion from 'double' to 'GLfloat', possible loss of data
c:\users\ricsi\documents\github\tdk-project\glut\shapes.cpp(23): warning C4838: conversion from 'double' to 'GLfloat' requires a narrowing conversion
c:\users\ricsi\documents\github\tdk-project\glut\shapes.cpp(23): warning C4244: 'initializing': conversion from 'double' to 'GLfloat', possible loss of data
c:\users\ricsi\documents\github\tdk-project\glut\shapes.cpp(24): warning C4838: conversion from 'double' to 'GLfloat' requires a narrowing conversion
c:\users\ricsi\documents\github\tdk-project\glut\shapes.cpp(24): warning C4244: 'initializing': conversion from 'double' to 'GLfloat', possible loss of data
c:\users\ricsi\documents\github\tdk-project\glut\shapes.cpp(25): warning C4838: conversion from 'double' to 'GLfloat' requires a narrowing conversion
c:\users\ricsi\documents\github\tdk-project\glut\shapes.cpp(25): warning C4244: 'initializing': conversion from 'double' to 'GLfloat', possible loss of data
c:\users\ricsi\documents\github\tdk-project\glut\shapes.cpp(26): warning C4838: conversion from 'double' to 'GLfloat' requires a narrowing conversion
c:\users\ricsi\documents\github\tdk-project\glut\shapes.cpp(26): warning C4244: 'initializing': conversion from 'double' to 'GLfloat', possible loss of data
c:\users\ricsi\documents\github\tdk-project\glut\shapes.cpp(27): warning C4838: conversion from 'double' to 'GLfloat' requires a narrowing conversion
c:\users\ricsi\documents\github\tdk-project\glut\shapes.cpp(27): warning C4244: 'initializing': conversion from 'double' to 'GLfloat', possible loss of data
c:\users\ricsi\documents\github\tdk-project\glut\shapes.cpp(28): warning C4838: conversion from 'double' to 'GLfloat' requires a narrowing conversion
c:\users\ricsi\documents\github\tdk-project\glut\shapes.cpp(28): warning C4244: 'initializing': conversion from 'double' to 'GLfloat', possible loss of data
c:\users\ricsi\documents\github\tdk-project\glut\shapes.cpp(29): warning C4838: conversion from 'double' to 'GLfloat' requires a narrowing conversion
c:\users\ricsi\documents\github\tdk-project\glut\shapes.cpp(29): warning C4244: 'initializing': conversion from 'double' to 'GLfloat', possible loss of data
c:\users\ricsi\documents\github\tdk-project\glut\shapes.cpp(31): warning C4838: conversion from 'double' to 'GLfloat' requires a narrowing conversion
c:\users\ricsi\documents\github\tdk-project\glut\shapes.cpp(31): warning C4244: 'initializing': conversion from 'double' to 'GLfloat', possible loss of data
c:\users\ricsi\documents\github\tdk-project\glut\shapes.cpp(32): warning C4838: conversion from 'double' to 'GLfloat' requires a narrowing conversion
c:\users\ricsi\documents\github\tdk-project\glut\shapes.cpp(32): warning C4244: 'initializing': conversion from 'double' to 'GLfloat', possible loss of data
c:\users\ricsi\documents\github\tdk-project\glut\shapes.cpp(33): warning C4838: conversion from 'double' to 'GLfloat' requires a narrowing conversion
c:\users\ricsi\documents\github\tdk-project\glut\shapes.cpp(33): warning C4244: 'initializing': conversion from 'double' to 'GLfloat', possible loss of data
c:\users\ricsi\documents\github\tdk-project\glut\shapes.cpp(34): warning C4838: conversion from 'double' to 'GLfloat' requires a narrowing conversion
c:\users\ricsi\documents\github\tdk-project\glut\shapes.cpp(34): warning C4244: 'initializing': conversion from 'double' to 'GLfloat', possible loss of data
c:\users\ricsi\documents\github\tdk-project\glut\shapes.cpp(35): warning C4838: conversion from 'double' to 'GLfloat' requires a narrowing conversion
c:\users\ricsi\documents\github\tdk-project\glut\shapes.cpp(35): warning C4244: 'initializing': conversion from 'double' to 'GLfloat', possible loss of data
c:\users\ricsi\documents\github\tdk-project\glut\shapes.cpp(36): warning C4838: conversion from 'double' to 'GLfloat' requires a narrowing conversion
c:\users\ricsi\documents\github\tdk-project\glut\shapes.cpp(36): warning C4244: 'initializing': conversion from 'double' to 'GLfloat', possible loss of data
c:\users\ricsi\documents\github\tdk-project\glut\shapes.cpp(37): warning C4838: conversion from 'double' to 'GLfloat' requires a narrowing conversion
c:\users\ricsi\documents\github\tdk-project\glut\shapes.cpp(37): warning C4244: 'initializing': conversion from 'double' to 'GLfloat', possible loss of data
c:\users\ricsi\documents\github\tdk-project\glut\shapes.cpp(38): warning C4838: conversion from 'double' to 'GLfloat' requires a narrowing conversion
c:\users\ricsi\documents\github\tdk-project\glut\shapes.cpp(38): warning C4244: 'initializing': conversion from 'double' to 'GLfloat', possible loss of data
c:\users\ricsi\documents\github\tdk-project\glut\shapes.cpp(40): warning C4838: conversion from 'double' to 'GLfloat' requires a narrowing conversion
c:\users\ricsi\documents\github\tdk-project\glut\shapes.cpp(40): warning C4244: 'initializing': conversion from 'double' to 'GLfloat', possible loss of data
c:\users\ricsi\documents\github\tdk-project\glut\shapes.cpp(41): warning C4838: conversion from 'double' to 'GLfloat' requires a narrowing conversion
c:\users\ricsi\documents\github\tdk-project\glut\shapes.cpp(41): warning C4244: 'initializing': conversion from 'double' to 'GLfloat', possible loss of data
c:\users\ricsi\documents\github\tdk-project\glut\shapes.cpp(42): warning C4838: conversion from 'double' to 'GLfloat' requires a narrowing conversion
c:\users\ricsi\documents\github\tdk-project\glut\shapes.cpp(42): warning C4244: 'initializing': conversion from 'double' to 'GLfloat', possible loss of data
c:\users\ricsi\documents\github\tdk-project\glut\shapes.cpp(43): warning C4838: conversion from 'double' to 'GLfloat' requires a narrowing conversion
c:\users\ricsi\documents\github\tdk-project\glut\shapes.cpp(43): warning C4244: 'initializing': conversion from 'double' to 'GLfloat', possible loss of data
c:\users\ricsi\documents\github\tdk-project\glut\shapes.cpp(44): warning C4838: conversion from 'double' to 'GLfloat' requires a narrowing conversion
c:\users\ricsi\documents\github\tdk-project\glut\shapes.cpp(44): warning C4244: 'initializing': conversion from 'double' to 'GLfloat', possible loss of data
c:\users\ricsi\documents\github\tdk-project\glut\shapes.cpp(45): warning C4838: conversion from 'double' to 'GLfloat' requires a narrowing conversion
c:\users\ricsi\documents\github\tdk-project\glut\shapes.cpp(45): warning C4244: 'initializing': conversion from 'double' to 'GLfloat', possible loss of data
c:\users\ricsi\documents\github\tdk-project\glut\shapes.cpp(46): warning C4838: conversion from 'double' to 'GLfloat' requires a narrowing conversion
c:\users\ricsi\documents\github\tdk-project\glut\shapes.cpp(46): warning C4244: 'initializing': conversion from 'double' to 'GLfloat', possible loss of data
c:\users\ricsi\documents\github\tdk-project\glut\shapes.cpp(47): warning C4838: conversion from 'double' to 'GLfloat' requires a narrowing conversion
c:\users\ricsi\documents\github\tdk-project\glut\shapes.cpp(47): warning C4244: 'initializing': conversion from 'double' to 'GLfloat', possible loss of data
c:\users\ricsi\documents\github\tdk-project\glut\shapes.cpp(260): warning C4838: conversion from 'double' to 'GLfloat' requires a narrowing conversion
c:\users\ricsi\documents\github\tdk-project\glut\shapes.cpp(260): warning C4244: 'initializing': conversion from 'double' to 'GLfloat', possible loss of data
c:\users\ricsi\documents\github\tdk-project\glut\shapes.cpp(261): warning C4838: conversion from 'double' to 'GLfloat' requires a narrowing conversion
c:\users\ricsi\documents\github\tdk-project\glut\shapes.cpp(261): warning C4244: 'initializing': conversion from 'double' to 'GLfloat', possible loss of data
c:\users\ricsi\documents\github\tdk-project\glut\shapes.cpp(262): warning C4838: conversion from 'double' to 'GLfloat' requires a narrowing conversion
c:\users\ricsi\documents\github\tdk-project\glut\shapes.cpp(262): warning C4244: 'initializing': conversion from 'double' to 'GLfloat', possible loss of data
c:\users\ricsi\documents\github\tdk-project\glut\shapes.cpp(263): warning C4838: conversion from 'double' to 'GLfloat' requires a narrowing conversion
c:\users\ricsi\documents\github\tdk-project\glut\shapes.cpp(263): warning C4244: 'initializing': conversion from 'double' to 'GLfloat', possible loss of data
c:\users\ricsi\documents\github\tdk-project\glut\shapes.cpp(264): warning C4838: conversion from 'double' to 'GLfloat' requires a narrowing conversion
c:\users\ricsi\documents\github\tdk-project\glut\shapes.cpp(264): warning C4244: 'initializing': conversion from 'double' to 'GLfloat', possible loss of data
c:\users\ricsi\documents\github\tdk-project\glut\shapes.cpp(265): warning C4838: conversion from 'double' to 'GLfloat' requires a narrowing conversion
c:\users\ricsi\documents\github\tdk-project\glut\shapes.cpp(265): warning C4244: 'initializing': conversion from 'double' to 'GLfloat', possible loss of data
c:\users\ricsi\documents\github\tdk-project\glut\shapes.cpp(266): warning C4838: conversion from 'double' to 'GLfloat' requires a narrowing conversion
c:\users\ricsi\documents\github\tdk-project\glut\shapes.cpp(266): warning C4244: 'initializing': conversion from 'double' to 'GLfloat', possible loss of data
c:\users\ricsi\documents\github\tdk-project\glut\shapes.cpp(267): warning C4838: conversion from 'double' to 'GLfloat' requires a narrowing conversion
c:\users\ricsi\documents\github\tdk-project\glut\shapes.cpp(267): warning C4244: 'initializing': conversion from 'double' to 'GLfloat', possible loss of data
c:\users\ricsi\documents\github\tdk-project\glut\shapes.cpp(269): warning C4838: conversion from 'double' to 'GLfloat' requires a narrowing conversion
c:\users\ricsi\documents\github\tdk-project\glut\shapes.cpp(269): warning C4244: 'initializing': conversion from 'double' to 'GLfloat', possible loss of data
c:\users\ricsi\documents\github\tdk-project\glut\shapes.cpp(270): warning C4838: conversion from 'double' to 'GLfloat' requires a narrowing conversion
c:\users\ricsi\documents\github\tdk-project\glut\shapes.cpp(270): warning C4244: 'initializing': conversion from 'double' to 'GLfloat', possible loss of data
c:\users\ricsi\documents\github\tdk-project\glut\shapes.cpp(271): warning C4838: conversion from 'double' to 'GLfloat' requires a narrowing conversion
c:\users\ricsi\documents\github\tdk-project\glut\shapes.cpp(271): warning C4244: 'initializing': conversion from 'double' to 'GLfloat', possible loss of data
c:\users\ricsi\documents\github\tdk-project\glut\shapes.cpp(272): warning C4838: conversion from 'double' to 'GLfloat' requires a narrowing conversion
c:\users\ricsi\documents\github\tdk-project\glut\shapes.cpp(272): warning C4244: 'initializing': conversion from 'double' to 'GLfloat', possible loss of data
c:\users\ricsi\documents\github\tdk-project\glut\shapes.cpp(273): warning C4838: conversion from 'double' to 'GLfloat' requires a narrowing conversion
c:\users\ricsi\documents\github\tdk-project\glut\shapes.cpp(273): warning C4244: 'initializing': conversion from 'double' to 'GLfloat', possible loss of data
c:\users\ricsi\documents\github\tdk-project\glut\shapes.cpp(274): warning C4838: conversion from 'double' to 'GLfloat' requires a narrowing conversion
c:\users\ricsi\documents\github\tdk-project\glut\shapes.cpp(274): warning C4244: 'initializing': conversion from 'double' to 'GLfloat', possible loss of data
c:\users\ricsi\documents\github\tdk-project\glut\shapes.cpp(275): warning C4838: conversion from 'double' to 'GLfloat' requires a narrowing conversion
c:\users\ricsi\documents\github\tdk-project\glut\shapes.cpp(275): warning C4244: 'initializing': conversion from 'double' to 'GLfloat', possible loss of data
c:\users\ricsi\documents\github\tdk-project\glut\shapes.cpp(276): warning C4838: conversion from 'double' to 'GLfloat' requires a narrowing conversion
c:\users\ricsi\documents\github\tdk-project\glut\shapes.cpp(276): warning C4244: 'initializing': conversion from 'double' to 'GLfloat', possible loss of data
c:\users\ricsi\documents\github\tdk-project\glut\shapes.cpp(278): warning C4838: conversion from 'double' to 'GLfloat' requires a narrowing conversion
c:\users\ricsi\documents\github\tdk-project\glut\shapes.cpp(278): warning C4244: 'initializing': conversion from 'double' to 'GLfloat', possible loss of data
c:\users\ricsi\documents\github\tdk-project\glut\shapes.cpp(279): warning C4838: conversion from 'double' to 'GLfloat' requires a narrowing conversion
c:\users\ricsi\documents\github\tdk-project\glut\shapes.cpp(279): warning C4244: 'initializing': conversion from 'double' to 'GLfloat', possible loss of data
c:\users\ricsi\documents\github\tdk-project\glut\shapes.cpp(280): warning C4838: conversion from 'double' to 'GLfloat' requires a narrowing conversion
c:\users\ricsi\documents\github\tdk-project\glut\shapes.cpp(280): warning C4244: 'initializing': conversion from 'double' to 'GLfloat', possible loss of data
c:\users\ricsi\documents\github\tdk-project\glut\shapes.cpp(281): warning C4838: conversion from 'double' to 'GLfloat' requires a narrowing conversion
c:\users\ricsi\documents\github\tdk-project\glut\shapes.cpp(281): warning C4244: 'initializing': conversion from 'double' to 'GLfloat', possible loss of data
c:\users\ricsi\documents\github\tdk-project\glut\shapes.cpp(282): warning C4838: conversion from 'double' to 'GLfloat' requires a narrowing conversion
c:\users\ricsi\documents\github\tdk-project\glut\shapes.cpp(282): warning C4244: 'initializing': conversion from 'double' to 'GLfloat', possible loss of data
c:\users\ricsi\documents\github\tdk-project\glut\shapes.cpp(283): warning C4838: conversion from 'double' to 'GLfloat' requires a narrowing conversion
c:\users\ricsi\documents\github\tdk-project\glut\shapes.cpp(283): warning C4244: 'initializing': conversion from 'double' to 'GLfloat', possible loss of data
c:\users\ricsi\documents\github\tdk-project\glut\shapes.cpp(284): warning C4838: conversion from 'double' to 'GLfloat' requires a narrowing conversion
c:\users\ricsi\documents\github\tdk-project\glut\shapes.cpp(284): warning C4244: 'initializing': conversion from 'double' to 'GLfloat', possible loss of data
c:\users\ricsi\documents\github\tdk-project\glut\shapes.cpp(285): warning C4838: conversion from 'double' to 'GLfloat' requires a narrowing conversion
c:\users\ricsi\documents\github\tdk-project\glut\shapes.cpp(285): warning C4244: 'initializing': conversion from 'double' to 'GLfloat', possible loss of data
c:\users\ricsi\documents\github\tdk-project\glut\shapes.cpp(308): warning C4838: conversion from 'double' to 'GLfloat' requires a narrowing conversion
c:\users\ricsi\documents\github\tdk-project\glut\shapes.cpp(308): warning C4244: 'initializing': conversion from 'double' to 'GLfloat', possible loss of data
c:\users\ricsi\documents\github\tdk-project\glut\shapes.cpp(309): warning C4838: conversion from 'double' to 'GLfloat' requires a narrowing conversion
c:\users\ricsi\documents\github\tdk-project\glut\shapes.cpp(309): warning C4244: 'initializing': conversion from 'double' to 'GLfloat', possible loss of data
c:\users\ricsi\documents\github\tdk-project\glut\shapes.cpp(310): warning C4838: conversion from 'double' to 'GLfloat' requires a narrowing conversion
c:\users\ricsi\documents\github\tdk-project\glut\shapes.cpp(310): warning C4244: 'initializing': conversion from 'double' to 'GLfloat', possible loss of data
c:\users\ricsi\documents\github\tdk-project\glut\shapes.cpp(311): warning C4838: conversion from 'double' to 'GLfloat' requires a narrowing conversion
c:\users\ricsi\documents\github\tdk-project\glut\shapes.cpp(311): warning C4244: 'initializing': conversion from 'double' to 'GLfloat', possible loss of data
c:\users\ricsi\documents\github\tdk-project\glut\shapes.cpp(312): warning C4838: conversion from 'double' to 'GLfloat' requires a narrowing conversion
c:\users\ricsi\documents\github\tdk-project\glut\shapes.cpp(312): warning C4244: 'initializing': conversion from 'double' to 'GLfloat', possible loss of data
c:\users\ricsi\documents\github\tdk-project\glut\shapes.cpp(313): warning C4838: conversion from 'double' to 'GLfloat' requires a narrowing conversion
c:\users\ricsi\documents\github\tdk-project\glut\shapes.cpp(313): warning C4244: 'initializing': conversion from 'double' to 'GLfloat', possible loss of data
c:\users\ricsi\documents\github\tdk-project\glut\shapes.cpp(314): warning C4838: conversion from 'double' to 'GLfloat' requires a narrowing conversion
c:\users\ricsi\documents\github\tdk-project\glut\shapes.cpp(314): warning C4244: 'initializing': conversion from 'double' to 'GLfloat', possible loss of data
c:\users\ricsi\documents\github\tdk-project\glut\shapes.cpp(315): warning C4838: conversion from 'double' to 'GLfloat' requires a narrowing conversion
c:\users\ricsi\documents\github\tdk-project\glut\shapes.cpp(315): warning C4244: 'initializing': conversion from 'double' to 'GLfloat', possible loss of data
c:\users\ricsi\documents\github\tdk-project\glut\shapes.cpp(317): warning C4838: conversion from 'double' to 'GLfloat' requires a narrowing conversion
c:\users\ricsi\documents\github\tdk-project\glut\shapes.cpp(317): warning C4244: 'initializing': conversion from 'double' to 'GLfloat', possible loss of data
c:\users\ricsi\documents\github\tdk-project\glut\shapes.cpp(318): warning C4838: conversion from 'double' to 'GLfloat' requires a narrowing conversion
c:\users\ricsi\documents\github\tdk-project\glut\shapes.cpp(318): warning C4244: 'initializing': conversion from 'double' to 'GLfloat', possible loss of data
c:\users\ricsi\documents\github\tdk-project\glut\shapes.cpp(319): warning C4838: conversion from 'double' to 'GLfloat' requires a narrowing conversion
c:\users\ricsi\documents\github\tdk-project\glut\shapes.cpp(319): warning C4244: 'initializing': conversion from 'double' to 'GLfloat', possible loss of data
c:\users\ricsi\documents\github\tdk-project\glut\shapes.cpp(320): warning C4838: conversion from 'double' to 'GLfloat' requires a narrowing conversion
c:\users\ricsi\documents\github\tdk-project\glut\shapes.cpp(320): warning C4244: 'initializing': conversion from 'double' to 'GLfloat', possible loss of data
c:\users\ricsi\documents\github\tdk-project\glut\shapes.cpp(321): warning C4838: conversion from 'double' to 'GLfloat' requires a narrowing conversion
c:\users\ricsi\documents\github\tdk-project\glut\shapes.cpp(321): warning C4244: 'initializing': conversion from 'double' to 'GLfloat', possible loss of data
c:\users\ricsi\documents\github\tdk-project\glut\shapes.cpp(322): warning C4838: conversion from 'double' to 'GLfloat' requires a narrowing conversion
c:\users\ricsi\documents\github\tdk-project\glut\shapes.cpp(322): warning C4244: 'initializing': conversion from 'double' to 'GLfloat', possible loss of data
c:\users\ricsi\documents\github\tdk-project\glut\shapes.cpp(323): warning C4838: conversion from 'double' to 'GLfloat' requires a narrowing conversion
c:\users\ricsi\documents\github\tdk-project\glut\shapes.cpp(323): warning C4244: 'initializing': conversion from 'double' to 'GLfloat', possible loss of data
c:\users\ricsi\documents\github\tdk-project\glut\shapes.cpp(324): warning C4838: conversion from 'double' to 'GLfloat' requires a narrowing conversion
c:\users\ricsi\documents\github\tdk-project\glut\shapes.cpp(324): warning C4244: 'initializing': conversion from 'double' to 'GLfloat', possible loss of data
c:\users\ricsi\documents\github\tdk-project\glut\shapes.cpp(326): warning C4838: conversion from 'double' to 'GLfloat' requires a narrowing conversion
c:\users\ricsi\documents\github\tdk-project\glut\shapes.cpp(326): warning C4244: 'initializing': conversion from 'double' to 'GLfloat', possible loss of data
c:\users\ricsi\documents\github\tdk-project\glut\shapes.cpp(327): warning C4838: conversion from 'double' to 'GLfloat' requires a narrowing conversion
c:\users\ricsi\documents\github\tdk-project\glut\shapes.cpp(327): warning C4244: 'initializing': conversion from 'double' to 'GLfloat', possible loss of data
c:\users\ricsi\documents\github\tdk-project\glut\shapes.cpp(328): warning C4838: conversion from 'double' to 'GLfloat' requires a narrowing conversion
c:\users\ricsi\documents\github\tdk-project\glut\shapes.cpp(328): warning C4244: 'initializing': conversion from 'double' to 'GLfloat', possible loss of data
c:\users\ricsi\documents\github\tdk-project\glut\shapes.cpp(329): warning C4838: conversion from 'double' to 'GLfloat' requires a narrowing conversion
c:\users\ricsi\documents\github\tdk-project\glut\shapes.cpp(329): warning C4244: 'initializing': conversion from 'double' to 'GLfloat', possible loss of data
c:\users\ricsi\documents\github\tdk-project\glut\shapes.cpp(330): warning C4838: conversion from 'double' to 'GLfloat' requires a narrowing conversion
c:\users\ricsi\documents\github\tdk-project\glut\shapes.cpp(330): warning C4244: 'initializing': conversion from 'double' to 'GLfloat', possible loss of data
c:\users\ricsi\documents\github\tdk-project\glut\shapes.cpp(331): warning C4838: conversion from 'double' to 'GLfloat' requires a narrowing conversion
c:\users\ricsi\documents\github\tdk-project\glut\shapes.cpp(331): warning C4244: 'initializing': conversion from 'double' to 'GLfloat', possible loss of data
c:\users\ricsi\documents\github\tdk-project\glut\shapes.cpp(332): warning C4838: conversion from 'double' to 'GLfloat' requires a narrowing conversion
c:\users\ricsi\documents\github\tdk-project\glut\shapes.cpp(332): warning C4244: 'initializing': conversion from 'double' to 'GLfloat', possible loss of data
c:\users\ricsi\documents\github\tdk-project\glut\shapes.cpp(333): warning C4838: conversion from 'double' to 'GLfloat' requires a narrowing conversion
c:\users\ricsi\documents\github\tdk-project\glut\shapes.cpp(333): warning C4244: 'initializing': conversion from 'double' to 'GLfloat', possible loss of data
c:\users\ricsi\documents\github\tdk-project\glut\shapes.cpp(376): warning C4838: conversion from 'double' to 'GLfloat' requires a narrowing conversion
c:\users\ricsi\documents\github\tdk-project\glut\shapes.cpp(376): warning C4244: 'initializing': conversion from 'double' to 'GLfloat', possible loss of data
c:\users\ricsi\documents\github\tdk-project\glut\shapes.cpp(377): warning C4838: conversion from 'double' to 'GLfloat' requires a narrowing conversion
c:\users\ricsi\documents\github\tdk-project\glut\shapes.cpp(377): warning C4244: 'initializing': conversion from 'double' to 'GLfloat', possible loss of data
c:\users\ricsi\documents\github\tdk-project\glut\shapes.cpp(378): warning C4838: conversion from 'double' to 'GLfloat' requires a narrowing conversion
c:\users\ricsi\documents\github\tdk-project\glut\shapes.cpp(378): warning C4244: 'initializing': conversion from 'double' to 'GLfloat', possible loss of data
c:\users\ricsi\documents\github\tdk-project\glut\shapes.cpp(379): warning C4838: conversion from 'double' to 'GLfloat' requires a narrowing conversion
c:\users\ricsi\documents\github\tdk-project\glut\shapes.cpp(379): warning C4244: 'initializing': conversion from 'double' to 'GLfloat', possible loss of data
c:\users\ricsi\documents\github\tdk-project\glut\shapes.cpp(380): warning C4838: conversion from 'double' to 'GLfloat' requires a narrowing conversion
c:\users\ricsi\documents\github\tdk-project\glut\shapes.cpp(380): warning C4244: 'initializing': conversion from 'double' to 'GLfloat', possible loss of data
c:\users\ricsi\documents\github\tdk-project\glut\shapes.cpp(381): warning C4838: conversion from 'double' to 'GLfloat' requires a narrowing conversion
c:\users\ricsi\documents\github\tdk-project\glut\shapes.cpp(381): warning C4244: 'initializing': conversion from 'double' to 'GLfloat', possible loss of data
c:\users\ricsi\documents\github\tdk-project\glut\shapes.cpp(382): warning C4838: conversion from 'double' to 'GLfloat' requires a narrowing conversion
c:\users\ricsi\documents\github\tdk-project\glut\shapes.cpp(382): warning C4244: 'initializing': conversion from 'double' to 'GLfloat', possible loss of data
c:\users\ricsi\documents\github\tdk-project\glut\shapes.cpp(383): warning C4838: conversion from 'double' to 'GLfloat' requires a narrowing conversion
c:\users\ricsi\documents\github\tdk-project\glut\shapes.cpp(383): warning C4244: 'initializing': conversion from 'double' to 'GLfloat', possible loss of data
c:\users\ricsi\documents\github\tdk-project\glut\shapes.cpp(385): warning C4838: conversion from 'double' to 'GLfloat' requires a narrowing conversion
c:\users\ricsi\documents\github\tdk-project\glut\shapes.cpp(385): warning C4244: 'initializing': conversion from 'double' to 'GLfloat', possible loss of data
c:\users\ricsi\documents\github\tdk-project\glut\shapes.cpp(386): warning C4838: conversion from 'double' to 'GLfloat' requires a narrowing conversion
c:\users\ricsi\documents\github\tdk-project\glut\shapes.cpp(386): warning C4244: 'initializing': conversion from 'double' to 'GLfloat', possible loss of data
c:\users\ricsi\documents\github\tdk-project\glut\shapes.cpp(387): warning C4838: conversion from 'double' to 'GLfloat' requires a narrowing conversion
c:\users\ricsi\documents\github\tdk-project\glut\shapes.cpp(387): warning C4244: 'initializing': conversion from 'double' to 'GLfloat', possible loss of data
c:\users\ricsi\documents\github\tdk-project\glut\shapes.cpp(388): warning C4838: conversion from 'double' to 'GLfloat' requires a narrowing conversion
c:\users\ricsi\documents\github\tdk-project\glut\shapes.cpp(388): warning C4244: 'initializing': conversion from 'double' to 'GLfloat', possible loss of data
c:\users\ricsi\documents\github\tdk-project\glut\shapes.cpp(389): warning C4838: conversion from 'double' to 'GLfloat' requires a narrowing conversion
c:\users\ricsi\documents\github\tdk-project\glut\shapes.cpp(389): warning C4244: 'initializing': conversion from 'double' to 'GLfloat', possible loss of data
c:\users\ricsi\documents\github\tdk-project\glut\shapes.cpp(390): warning C4838: conversion from 'double' to 'GLfloat' requires a narrowing conversion
c:\users\ricsi\documents\github\tdk-project\glut\shapes.cpp(390): warning C4244: 'initializing': conversion from 'double' to 'GLfloat', possible loss of data
c:\users\ricsi\documents\github\tdk-project\glut\shapes.cpp(391): warning C4838: conversion from 'double' to 'GLfloat' requires a narrowing conversion
c:\users\ricsi\documents\github\tdk-project\glut\shapes.cpp(391): warning C4244: 'initializing': conversion from 'double' to 'GLfloat', possible loss of data
c:\users\ricsi\documents\github\tdk-project\glut\shapes.cpp(392): warning C4838: conversion from 'double' to 'GLfloat' requires a narrowing conversion
c:\users\ricsi\documents\github\tdk-project\glut\shapes.cpp(392): warning C4244: 'initializing': conversion from 'double' to 'GLfloat', possible loss of data
c:\users\ricsi\documents\github\tdk-project\glut\shapes.cpp(394): warning C4838: conversion from 'double' to 'GLfloat' requires a narrowing conversion
c:\users\ricsi\documents\github\tdk-project\glut\shapes.cpp(394): warning C4244: 'initializing': conversion from 'double' to 'GLfloat', possible loss of data
c:\users\ricsi\documents\github\tdk-project\glut\shapes.cpp(395): warning C4838: conversion from 'double' to 'GLfloat' requires a narrowing conversion
c:\users\ricsi\documents\github\tdk-project\glut\shapes.cpp(395): warning C4244: 'initializing': conversion from 'double' to 'GLfloat', possible loss of data
c:\users\ricsi\documents\github\tdk-project\glut\shapes.cpp(396): warning C4838: conversion from 'double' to 'GLfloat' requires a narrowing conversion
c:\users\ricsi\documents\github\tdk-project\glut\shapes.cpp(396): warning C4244: 'initializing': conversion from 'double' to 'GLfloat', possible loss of data
c:\users\ricsi\documents\github\tdk-project\glut\shapes.cpp(397): warning C4838: conversion from 'double' to 'GLfloat' requires a narrowing conversion
c:\users\ricsi\documents\github\tdk-project\glut\shapes.cpp(397): warning C4244: 'initializing': conversion from 'double' to 'GLfloat', possible loss of data
c:\users\ricsi\documents\github\tdk-project\glut\shapes.cpp(398): warning C4838: conversion from 'double' to 'GLfloat' requires a narrowing conversion
c:\users\ricsi\documents\github\tdk-project\glut\shapes.cpp(398): warning C4244: 'initializing': conversion from 'double' to 'GLfloat', possible loss of data
c:\users\ricsi\documents\github\tdk-project\glut\shapes.cpp(399): warning C4838: conversion from 'double' to 'GLfloat' requires a narrowing conversion
c:\users\ricsi\documents\github\tdk-project\glut\shapes.cpp(399): warning C4244: 'initializing': conversion from 'double' to 'GLfloat', possible loss of data
c:\users\ricsi\documents\github\tdk-project\glut\shapes.cpp(400): warning C4838: conversion from 'double' to 'GLfloat' requires a narrowing conversion
c:\users\ricsi\documents\github\tdk-project\glut\shapes.cpp(400): warning C4244: 'initializing': conversion from 'double' to 'GLfloat', possible loss of data
c:\users\ricsi\documents\github\tdk-project\glut\shapes.cpp(401): warning C4838: conversion from 'double' to 'GLfloat' requires a narrowing conversion
c:\users\ricsi\documents\github\tdk-project\glut\shapes.cpp(401): warning C4244: 'initializing': conversion from 'double' to 'GLfloat', possible loss of data
c:\users\ricsi\documents\github\tdk-project\glut\shapes.cpp(444): warning C4838: conversion from 'double' to 'GLfloat' requires a narrowing conversion
c:\users\ricsi\documents\github\tdk-project\glut\shapes.cpp(444): warning C4244: 'initializing': conversion from 'double' to 'GLfloat', possible loss of data
c:\users\ricsi\documents\github\tdk-project\glut\shapes.cpp(445): warning C4838: conversion from 'double' to 'GLfloat' requires a narrowing conversion
c:\users\ricsi\documents\github\tdk-project\glut\shapes.cpp(445): warning C4244: 'initializing': conversion from 'double' to 'GLfloat', possible loss of data
c:\users\ricsi\documents\github\tdk-project\glut\shapes.cpp(446): warning C4838: conversion from 'double' to 'GLfloat' requires a narrowing conversion
c:\users\ricsi\documents\github\tdk-project\glut\shapes.cpp(446): warning C4244: 'initializing': conversion from 'double' to 'GLfloat', possible loss of data
c:\users\ricsi\documents\github\tdk-project\glut\shapes.cpp(447): warning C4838: conversion from 'double' to 'GLfloat' requires a narrowing conversion
c:\users\ricsi\documents\github\tdk-project\glut\shapes.cpp(447): warning C4244: 'initializing': conversion from 'double' to 'GLfloat', possible loss of data
c:\users\ricsi\documents\github\tdk-project\glut\shapes.cpp(448): warning C4838: conversion from 'double' to 'GLfloat' requires a narrowing conversion
c:\users\ricsi\documents\github\tdk-project\glut\shapes.cpp(448): warning C4244: 'initializing': conversion from 'double' to 'GLfloat', possible loss of data
c:\users\ricsi\documents\github\tdk-project\glut\shapes.cpp(449): warning C4838: conversion from 'double' to 'GLfloat' requires a narrowing conversion
c:\users\ricsi\documents\github\tdk-project\glut\shapes.cpp(449): warning C4244: 'initializing': conversion from 'double' to 'GLfloat', possible loss of data
c:\users\ricsi\documents\github\tdk-project\glut\shapes.cpp(450): warning C4838: conversion from 'double' to 'GLfloat' requires a narrowing conversion
c:\users\ricsi\documents\github\tdk-project\glut\shapes.cpp(450): warning C4244: 'initializing': conversion from 'double' to 'GLfloat', possible loss of data
c:\users\ricsi\documents\github\tdk-project\glut\shapes.cpp(451): warning C4838: conversion from 'double' to 'GLfloat' requires a narrowing conversion
c:\users\ricsi\documents\github\tdk-project\glut\shapes.cpp(451): warning C4244: 'initializing': conversion from 'double' to 'GLfloat', possible loss of data
c:\users\ricsi\documents\github\tdk-project\glut\shapes.cpp(453): warning C4838: conversion from 'double' to 'GLfloat' requires a narrowing conversion
c:\users\ricsi\documents\github\tdk-project\glut\shapes.cpp(453): warning C4244: 'initializing': conversion from 'double' to 'GLfloat', possible loss of data
c:\users\ricsi\documents\github\tdk-project\glut\shapes.cpp(454): warning C4838: conversion from 'double' to 'GLfloat' requires a narrowing conversion
c:\users\ricsi\documents\github\tdk-project\glut\shapes.cpp(454): warning C4244: 'initializing': conversion from 'double' to 'GLfloat', possible loss of data
c:\users\ricsi\documents\github\tdk-project\glut\shapes.cpp(455): warning C4838: conversion from 'double' to 'GLfloat' requires a narrowing conversion
c:\users\ricsi\documents\github\tdk-project\glut\shapes.cpp(455): warning C4244: 'initializing': conversion from 'double' to 'GLfloat', possible loss of data
c:\users\ricsi\documents\github\tdk-project\glut\shapes.cpp(456): warning C4838: conversion from 'double' to 'GLfloat' requires a narrowing conversion
c:\users\ricsi\documents\github\tdk-project\glut\shapes.cpp(456): warning C4244: 'initializing': conversion from 'double' to 'GLfloat', possible loss of data
c:\users\ricsi\documents\github\tdk-project\glut\shapes.cpp(457): warning C4838: conversion from 'double' to 'GLfloat' requires a narrowing conversion
c:\users\ricsi\documents\github\tdk-project\glut\shapes.cpp(457): warning C4244: 'initializing': conversion from 'double' to 'GLfloat', possible loss of data
c:\users\ricsi\documents\github\tdk-project\glut\shapes.cpp(458): warning C4838: conversion from 'double' to 'GLfloat' requires a narrowing conversion
c:\users\ricsi\documents\github\tdk-project\glut\shapes.cpp(458): warning C4244: 'initializing': conversion from 'double' to 'GLfloat', possible loss of data
c:\users\ricsi\documents\github\tdk-project\glut\shapes.cpp(459): warning C4838: conversion from 'double' to 'GLfloat' requires a narrowing conversion
c:\users\ricsi\documents\github\tdk-project\glut\shapes.cpp(459): warning C4244: 'initializing': conversion from 'double' to 'GLfloat', possible loss of data
c:\users\ricsi\documents\github\tdk-project\glut\shapes.cpp(460): warning C4838: conversion from 'double' to 'GLfloat' requires a narrowing conversion
c:\users\ricsi\documents\github\tdk-project\glut\shapes.cpp(460): warning C4244: 'initializing': conversion from 'double' to 'GLfloat', possible loss of data
c:\users\ricsi\documents\github\tdk-project\glut\shapes.cpp(462): warning C4838: conversion from 'double' to 'GLfloat' requires a narrowing conversion
c:\users\ricsi\documents\github\tdk-project\glut\shapes.cpp(462): warning C4244: 'initializing': conversion from 'double' to 'GLfloat', possible loss of data
c:\users\ricsi\documents\github\tdk-project\glut\shapes.cpp(463): warning C4838: conversion from 'double' to 'GLfloat' requires a narrowing conversion
c:\users\ricsi\documents\github\tdk-project\glut\shapes.cpp(463): warning C4244: 'initializing': conversion from 'double' to 'GLfloat', possible loss of data
c:\users\ricsi\documents\github\tdk-project\glut\shapes.cpp(464): warning C4838: conversion from 'double' to 'GLfloat' requires a narrowing conversion
c:\users\ricsi\documents\github\tdk-project\glut\shapes.cpp(464): warning C4244: 'initializing': conversion from 'double' to 'GLfloat', possible loss of data
c:\users\ricsi\documents\github\tdk-project\glut\shapes.cpp(465): warning C4838: conversion from 'double' to 'GLfloat' requires a narrowing conversion
c:\users\ricsi\documents\github\tdk-project\glut\shapes.cpp(465): warning C4244: 'initializing': conversion from 'double' to 'GLfloat', possible loss of data
c:\users\ricsi\documents\github\tdk-project\glut\shapes.cpp(466): warning C4838: conversion from 'double' to 'GLfloat' requires a narrowing conversion
c:\users\ricsi\documents\github\tdk-project\glut\shapes.cpp(466): warning C4244: 'initializing': conversion from 'double' to 'GLfloat', possible loss of data
c:\users\ricsi\documents\github\tdk-project\glut\shapes.cpp(467): warning C4838: conversion from 'double' to 'GLfloat' requires a narrowing conversion
c:\users\ricsi\documents\github\tdk-project\glut\shapes.cpp(467): warning C4244: 'initializing': conversion from 'double' to 'GLfloat', possible loss of data
c:\users\ricsi\documents\github\tdk-project\glut\shapes.cpp(468): warning C4838: conversion from 'double' to 'GLfloat' requires a narrowing conversion
c:\users\ricsi\documents\github\tdk-project\glut\shapes.cpp(468): warning C4244: 'initializing': conversion from 'double' to 'GLfloat', possible loss of data
c:\users\ricsi\documents\github\tdk-project\glut\shapes.cpp(469): warning C4838: conversion from 'double' to 'GLfloat' requires a narrowing conversion
c:\users\ricsi\documents\github\tdk-project\glut\shapes.cpp(469): warning C4244: 'initializing': conversion from 'double' to 'GLfloat', possible loss of data
  print.cpp
  interaction.cpp
c:\users\ricsi\documents\github\tdk-project\glut\interaction.cpp(6): warning C4244: '=': conversion from 'double' to 'int', possible loss of data
c:\users\ricsi\documents\github\tdk-project\glut\interaction.cpp(27): warning C4244: '=': conversion from 'double' to 'int', possible loss of data
c:\users\ricsi\documents\github\tdk-project\glut\interaction.cpp(132): warning C4018: '<': signed/unsigned mismatch
c:\users\ricsi\documents\github\tdk-project\glut\interaction.cpp(150): warning C4244: '=': conversion from 'double' to 'int', possible loss of data
c:\users\ricsi\documents\github\tdk-project\glut\interaction.cpp(274): warning C4244: 'argument': conversion from 'double' to 'int', possible loss of data
c:\users\ricsi\documents\github\tdk-project\glut\interaction.cpp(467): warning C4244: 'argument': conversion from 'double' to 'float', possible loss of data
c:\users\ricsi\documents\github\tdk-project\glut\interaction.cpp(398): warning C4101: 'for_i': unreferenced local variable
c:\users\ricsi\documents\github\tdk-project\glut\interaction.cpp(399): warning C4101: 'y': unreferenced local variable
c:\users\ricsi\documents\github\tdk-project\glut\interaction.cpp(399): warning C4101: 'x': unreferenced local variable
c:\users\ricsi\documents\github\tdk-project\glut\interaction.cpp(593): warning C4018: '<': signed/unsigned mismatch
c:\users\ricsi\documents\github\tdk-project\glut\interaction.cpp(597): warning C4244: '+=': conversion from 'double' to 'int', possible loss of data
c:\users\ricsi\documents\github\tdk-project\glut\interaction.cpp(599): warning C4244: '+=': conversion from 'double' to 'int', possible loss of data
c:\users\ricsi\documents\github\tdk-project\glut\interaction.cpp(616): warning C4018: '<': signed/unsigned mismatch
c:\users\ricsi\documents\github\tdk-project\glut\interaction.cpp(831): warning C4244: '=': conversion from 'double' to 'float', possible loss of data
  initialization.cpp
  glWindowPos.cpp
c:\users\ricsi\documents\github\tdk-project\glut\glwindowpos.cpp(39): warning C4244: 'argument': conversion from 'int' to 'float', possible loss of data
c:\users\ricsi\documents\github\tdk-project\glut\glwindowpos.cpp(41): warning C4244: 'argument': conversion from 'double' to 'float', possible loss of data
c:\users\ricsi\documents\github\tdk-project\glut\glwindowpos.cpp(43): warning C4244: 'argument': conversion from 'int' to 'float', possible loss of data
c:\users\ricsi\documents\github\tdk-project\glut\glwindowpos.cpp(45): warning C4244: 'argument': conversion from 'double' to 'float', possible loss of data
c:\users\ricsi\documents\github\tdk-project\glut\glwindowpos.cpp(47): warning C4244: 'argument': conversion from 'int' to 'float', possible loss of data
c:\users\ricsi\documents\github\tdk-project\glut\glwindowpos.cpp(48): warning C4244: 'argument': conversion from 'double' to 'float', possible loss of data
c:\users\ricsi\documents\github\tdk-project\glut\glwindowpos.cpp(50): warning C4244: 'argument': conversion from 'const int' to 'float', possible loss of data
c:\users\ricsi\documents\github\tdk-project\glut\glwindowpos.cpp(52): warning C4244: 'argument': conversion from 'const double' to 'float', possible loss of data
c:\users\ricsi\documents\github\tdk-project\glut\glwindowpos.cpp(54): warning C4244: 'argument': conversion from 'const int' to 'float', possible loss of data
c:\users\ricsi\documents\github\tdk-project\glut\glwindowpos.cpp(56): warning C4244: 'argument': conversion from 'const double' to 'float', possible loss of data
c:\users\ricsi\documents\github\tdk-project\glut\glwindowpos.cpp(58): warning C4244: 'argument': conversion from 'const int' to 'float', possible loss of data
c:\users\ricsi\documents\github\tdk-project\glut\glwindowpos.cpp(60): warning C4244: 'argument': conversion from 'const double' to 'float', possible loss of data
  globals.cpp
  error.cpp
  draw.cpp
c:\users\ricsi\documents\github\tdk-project\glut\draw.cpp(14): warning C4244: 'argument': conversion from 'float' to 'int', possible loss of data
c:\users\ricsi\documents\github\tdk-project\glut\draw.cpp(23): warning C4838: conversion from 'double' to 'GLfloat' requires a narrowing conversion
c:\users\ricsi\documents\github\tdk-project\glut\draw.cpp(23): warning C4244: 'initializing': conversion from 'double' to 'GLfloat', possible loss of data
c:\users\ricsi\documents\github\tdk-project\glut\draw.cpp(24): warning C4838: conversion from 'double' to 'GLfloat' requires a narrowing conversion
c:\users\ricsi\documents\github\tdk-project\glut\draw.cpp(24): warning C4244: 'initializing': conversion from 'double' to 'GLfloat', possible loss of data
c:\users\ricsi\documents\github\tdk-project\glut\draw.cpp(25): warning C4838: conversion from 'double' to 'GLfloat' requires a narrowing conversion
c:\users\ricsi\documents\github\tdk-project\glut\draw.cpp(25): warning C4244: 'initializing': conversion from 'double' to 'GLfloat', possible loss of data
c:\users\ricsi\documents\github\tdk-project\glut\draw.cpp(26): warning C4838: conversion from 'double' to 'GLfloat' requires a narrowing conversion
c:\users\ricsi\documents\github\tdk-project\glut\draw.cpp(26): warning C4244: 'initializing': conversion from 'double' to 'GLfloat', possible loss of data
c:\users\ricsi\documents\github\tdk-project\glut\draw.cpp(76): warning C4305: 'argument': truncation from 'double' to 'GLfloat'
  display.cpp
  classes.cpp
c:\users\ricsi\documents\github\tdk-project\glut\classes.cpp(13): warning C4244: 'initializing': conversion from 'double' to 'unsigned int', possible loss of data
c:\users\ricsi\documents\github\tdk-project\glut\classes.cpp(171): warning C4244: 'initializing': conversion from 'double' to 'int', possible loss of data
c:\users\ricsi\documents\github\tdk-project\glut\classes.cpp(266): warning C4244: 'initializing': conversion from 'double' to 'int', possible loss of data
c:\users\ricsi\documents\github\tdk-project\glut\classes.cpp(283): warning C4244: 'initializing': conversion from 'double' to 'int', possible loss of data
c:\users\ricsi\documents\github\tdk-project\glut\classes.cpp(303): warning C4244: 'initializing': conversion from 'double' to 'int', possible loss of data
  main.cpp
c:\users\ricsi\documents\github\tdk-project\glut\main.cpp(31): warning C4244: 'argument': conversion from 'time_t' to 'unsigned int', possible loss of data
  Generating Code...
  glut.vcxproj -> C:\Users\ricsi\Documents\GitHub\TDK-project\Debug\glut.exe
  glut.vcxproj -> C:\Users\ricsi\Documents\GitHub\TDK-project\Debug\glut.pdb (Partial PDB)
